#! /usr/bin/vvp
:ivl_version "11.0 (stable)";
:ivl_delay_selection "TYPICAL";
:vpi_time_precision + 0;
:vpi_module "/usr/lib/x86_64-linux-gnu/ivl/system.vpi";
:vpi_module "/usr/lib/x86_64-linux-gnu/ivl/vhdl_sys.vpi";
:vpi_module "/usr/lib/x86_64-linux-gnu/ivl/vhdl_textio.vpi";
:vpi_module "/usr/lib/x86_64-linux-gnu/ivl/v2005_math.vpi";
:vpi_module "/usr/lib/x86_64-linux-gnu/ivl/va_math.vpi";
S_0x5630ba077190 .scope module, "sum4_v2" "sum4_v2" 2 1;
 .timescale 0 0;
    .port_info 0 /OUTPUT 4 "S";
    .port_info 1 /OUTPUT 1 "c_out";
    .port_info 2 /INPUT 4 "A";
    .port_info 3 /INPUT 4 "B";
    .port_info 4 /INPUT 1 "c_in";
o0x7fb82a4d2018 .functor BUFZ 4, C4<zzzz>; HiZ drive
v0x5630ba0773a0_0 .net "A", 3 0, o0x7fb82a4d2018;  0 drivers
o0x7fb82a4d2048 .functor BUFZ 4, C4<zzzz>; HiZ drive
v0x5630ba0c0190_0 .net "B", 3 0, o0x7fb82a4d2048;  0 drivers
v0x5630ba0c0270_0 .net "S", 3 0, L_0x5630ba0c0e30;  1 drivers
L_0x7fb82a489060 .functor BUFT 1, C4<0>, C4<0>, C4<0>, C4<0>;
v0x5630ba0c0360_0 .net *"_ivl_10", 0 0, L_0x7fb82a489060;  1 drivers
v0x5630ba0c0440_0 .net *"_ivl_11", 4 0, L_0x5630ba0c11d0;  1 drivers
v0x5630ba0c0570_0 .net *"_ivl_13", 4 0, L_0x5630ba0c1310;  1 drivers
L_0x7fb82a4890a8 .functor BUFT 1, C4<0000>, C4<0>, C4<0>, C4<0>;
v0x5630ba0c0650_0 .net *"_ivl_16", 3 0, L_0x7fb82a4890a8;  1 drivers
v0x5630ba0c0730_0 .net *"_ivl_17", 4 0, L_0x5630ba0c1470;  1 drivers
v0x5630ba0c0810_0 .net *"_ivl_3", 4 0, L_0x5630ba0c0f00;  1 drivers
L_0x7fb82a489018 .functor BUFT 1, C4<0>, C4<0>, C4<0>, C4<0>;
v0x5630ba0c0980_0 .net *"_ivl_6", 0 0, L_0x7fb82a489018;  1 drivers
v0x5630ba0c0a60_0 .net *"_ivl_7", 4 0, L_0x5630ba0c1050;  1 drivers
o0x7fb82a4d2228 .functor BUFZ 1, C4<z>; HiZ drive
v0x5630ba0c0b40_0 .net "c_in", 0 0, o0x7fb82a4d2228;  0 drivers
v0x5630ba0c0c00_0 .net "c_out", 0 0, L_0x5630ba0c0d60;  1 drivers
L_0x5630ba0c0d60 .part L_0x5630ba0c1470, 4, 1;
L_0x5630ba0c0e30 .part L_0x5630ba0c1470, 0, 4;
L_0x5630ba0c0f00 .concat [ 4 1 0 0], o0x7fb82a4d2018, L_0x7fb82a489018;
L_0x5630ba0c1050 .concat [ 4 1 0 0], o0x7fb82a4d2048, L_0x7fb82a489060;
L_0x5630ba0c11d0 .arith/sum 5, L_0x5630ba0c0f00, L_0x5630ba0c1050;
L_0x5630ba0c1310 .concat [ 1 4 0 0], o0x7fb82a4d2228, L_0x7fb82a4890a8;
L_0x5630ba0c1470 .arith/sum 5, L_0x5630ba0c11d0, L_0x5630ba0c1310;
# The file index is used to find the file name in the following table.
:file_names 3;
    "N/A";
    "<interactive>";
    "sum4_v2.v";
